[0.018s] Invoking command in '/userdata/stereo_demo/build/stereo_camera_cpp': CMAKE_PREFIX_PATH=${CMAKE_PREFIX_PATH}:/userdata/try_again/SelfFollowingROS2/install/following_robot:/userdata/try_again/SelfFollowingROS2/install/dlrobot_robot_python:/userdata/ros2_astra_camera/install/astra_depth_reader:/opt/ros/humble /usr/bin/cmake /userdata/stereo_demo -DCMAKE_INSTALL_PREFIX=/userdata/stereo_demo/install/stereo_camera_cpp
[0.052s] -- Found ament_cmake: 1.3.11 (/opt/ros/humble/share/ament_cmake/cmake)
[0.403s] -- Found rclcpp: 16.0.12 (/opt/ros/humble/share/rclcpp/cmake)
[0.475s] -- Found rosidl_generator_c: 3.1.6 (/opt/ros/humble/share/rosidl_generator_c/cmake)
[0.480s] -- Found rosidl_adapter: 3.1.6 (/opt/ros/humble/share/rosidl_adapter/cmake)
[0.491s] -- Found rosidl_generator_cpp: 3.1.6 (/opt/ros/humble/share/rosidl_generator_cpp/cmake)
[0.507s] -- Using all available rosidl_typesupport_c: rosidl_typesupport_fastrtps_c;rosidl_typesupport_introspection_c
[0.526s] -- Using all available rosidl_typesupport_cpp: rosidl_typesupport_fastrtps_cpp;rosidl_typesupport_introspection_cpp
[0.573s] -- Found rmw_implementation_cmake: 6.1.2 (/opt/ros/humble/share/rmw_implementation_cmake/cmake)
[0.576s] -- Found rmw_fastrtps_cpp: 6.2.7 (/opt/ros/humble/share/rmw_fastrtps_cpp/cmake)
[0.751s] -- Using RMW implementation 'rmw_fastrtps_cpp' as default
[0.825s] -- Found sensor_msgs: 4.8.0 (/opt/ros/humble/share/sensor_msgs/cmake)
[0.870s] -- Found cv_bridge: 3.2.1 (/opt/ros/humble/share/cv_bridge/cmake)
[0.883s] -- Found image_transport: 3.1.12 (/opt/ros/humble/share/image_transport/cmake)
[0.922s] -- Found tf2: 0.25.13 (/opt/ros/humble/share/tf2/cmake)
[0.926s] -- Found tf2_ros: 0.25.13 (/opt/ros/humble/share/tf2_ros/cmake)
[1.049s] -- Found OpenCV version: 4.5.4
[1.062s] -- Found ament_lint_auto: 0.12.12 (/opt/ros/humble/share/ament_lint_auto/cmake)
[1.179s] -- Added test 'copyright' to check source files copyright and LICENSE
[1.184s] -- Added test 'cppcheck' to perform static code analysis on C / C++ code
[1.185s] -- Configured cppcheck include dirs: /userdata/stereo_demo/include
[1.185s] -- Configured cppcheck exclude dirs and/or files: 
[1.191s] -- Added test 'cpplint' to check C / C++ code against the Google style
[1.192s] -- Configured cpplint exclude dirs and/or files: 
[1.193s] -- Added test 'flake8' to check Python code syntax and style conventions
[1.194s] -- Added test 'lint_cmake' to check CMake code style
[1.195s] -- Added test 'pep257' to check Python code against some of the docstring style conventions in PEP 257
[1.201s] -- Added test 'uncrustify' to check C / C++ code style
[1.202s] -- Configured uncrustify additional arguments: 
[1.202s] -- Added test 'xmllint' to check XML markup files
[1.205s] -- Configuring done
[1.245s] -- Generating done
[1.260s] -- Build files have been written to: /userdata/stereo_demo/build/stereo_camera_cpp
[1.282s] Invoked command in '/userdata/stereo_demo/build/stereo_camera_cpp' returned '0': CMAKE_PREFIX_PATH=${CMAKE_PREFIX_PATH}:/userdata/try_again/SelfFollowingROS2/install/following_robot:/userdata/try_again/SelfFollowingROS2/install/dlrobot_robot_python:/userdata/ros2_astra_camera/install/astra_depth_reader:/opt/ros/humble /usr/bin/cmake /userdata/stereo_demo -DCMAKE_INSTALL_PREFIX=/userdata/stereo_demo/install/stereo_camera_cpp
[1.290s] Invoking command in '/userdata/stereo_demo/build/stereo_camera_cpp': CMAKE_PREFIX_PATH=${CMAKE_PREFIX_PATH}:/userdata/try_again/SelfFollowingROS2/install/following_robot:/userdata/try_again/SelfFollowingROS2/install/dlrobot_robot_python:/userdata/ros2_astra_camera/install/astra_depth_reader:/opt/ros/humble /usr/bin/cmake --build /userdata/stereo_demo/build/stereo_camera_cpp -- -j8 -l8
[1.461s] [ 16%] Building CXX object CMakeFiles/stereo_camera_cpp_lib.dir/src/stereo_camera.cpp.o
[4.236s] /userdata/stereo_demo/src/stereo_camera.cpp: In member function ‘bool stereo_vision::StereoCamera::initialize_stereo_matcher()’:
[4.236s] /userdata/stereo_demo/src/stereo_camera.cpp:187:48: error: no match for ‘operator=’ (operand types are ‘std::unique_ptr<cv::StereoBM>’ and ‘cv::Ptr<cv::StereoBM>’)
[4.237s]   187 |         stereo_matcher_ = cv::StereoBM::create();
[4.237s]       |                                                ^
[4.238s] In file included from /usr/include/c++/11/memory:76,
[4.238s]                  from /usr/include/opencv4/opencv2/core/cvstd_wrapper.hpp:11,
[4.238s]                  from /usr/include/opencv4/opencv2/core/cvstd.hpp:81,
[4.239s]                  from /usr/include/opencv4/opencv2/core/base.hpp:58,
[4.239s]                  from /usr/include/opencv4/opencv2/core.hpp:53,
[4.239s]                  from /usr/include/opencv4/opencv2/opencv.hpp:52,
[4.240s]                  from /userdata/stereo_demo/include/stereo_camera.h:3,
[4.240s]                  from /userdata/stereo_demo/src/stereo_camera.cpp:1:
[4.240s] /usr/include/c++/11/bits/unique_ptr.h:386:9: note: candidate: ‘template<class _Up, class _Ep> typename std::enable_if<std::__and_<std::__and_<std::is_convertible<typename std::unique_ptr<_Up, _Ep>::pointer, typename std::__uniq_ptr_impl<_Tp, _Dp>::pointer>, std::__not_<std::is_array<_Up> > >, std::is_assignable<_T2&, _U2&&> >::value, std::unique_ptr<_Tp, _Dp>&>::type std::unique_ptr<_Tp, _Dp>::operator=(std::unique_ptr<_Up, _Ep>&&) [with _Up = _Up; _Ep = _Ep; _Tp = cv::StereoBM; _Dp = std::default_delete<cv::StereoBM>]’
[4.241s]   386 |         operator=(unique_ptr<_Up, _Ep>&& __u) noexcept
[4.241s]       |         ^~~~~~~~
[4.241s] /usr/include/c++/11/bits/unique_ptr.h:386:9: note:   template argument deduction/substitution failed:
[4.242s] /userdata/stereo_demo/src/stereo_camera.cpp:187:48: note:   ‘cv::Ptr<cv::StereoBM>’ is not derived from ‘std::unique_ptr<_Tp, _Dp>’
[4.242s]   187 |         stereo_matcher_ = cv::StereoBM::create();
[4.242s]       |                                                ^
[4.243s] In file included from /usr/include/c++/11/memory:76,
[4.243s]                  from /usr/include/opencv4/opencv2/core/cvstd_wrapper.hpp:11,
[4.243s]                  from /usr/include/opencv4/opencv2/core/cvstd.hpp:81,
[4.244s]                  from /usr/include/opencv4/opencv2/core/base.hpp:58,
[4.244s]                  from /usr/include/opencv4/opencv2/core.hpp:53,
[4.244s]                  from /usr/include/opencv4/opencv2/opencv.hpp:52,
[4.245s]                  from /userdata/stereo_demo/include/stereo_camera.h:3,
[4.245s]                  from /userdata/stereo_demo/src/stereo_camera.cpp:1:
[4.245s] /usr/include/c++/11/bits/unique_ptr.h:371:19: note: candidate: ‘std::unique_ptr<_Tp, _Dp>& std::unique_ptr<_Tp, _Dp>::operator=(std::unique_ptr<_Tp, _Dp>&&) [with _Tp = cv::StereoBM; _Dp = std::default_delete<cv::StereoBM>]’
[4.246s]   371 |       unique_ptr& operator=(unique_ptr&&) = default;
[4.246s]       |                   ^~~~~~~~
[4.246s] /usr/include/c++/11/bits/unique_ptr.h:371:29: note:   no known conversion for argument 1 from ‘cv::Ptr<cv::StereoBM>’ to ‘std::unique_ptr<cv::StereoBM>&&’
[4.246s]   371 |       unique_ptr& operator=(unique_ptr&&) = default;
[4.247s]       |                             ^~~~~~~~~~~~
[4.247s] /usr/include/c++/11/bits/unique_ptr.h:395:7: note: candidate: ‘std::unique_ptr<_Tp, _Dp>& std::unique_ptr<_Tp, _Dp>::operator=(std::nullptr_t) [with _Tp = cv::StereoBM; _Dp = std::default_delete<cv::StereoBM>; std::nullptr_t = std::nullptr_t]’
[4.247s]   395 |       operator=(nullptr_t) noexcept
[4.248s]       |       ^~~~~~~~
[4.248s] /usr/include/c++/11/bits/unique_ptr.h:395:17: note:   no known conversion for argument 1 from ‘cv::Ptr<cv::StereoBM>’ to ‘std::nullptr_t’
[4.248s]   395 |       operator=(nullptr_t) noexcept
[4.249s]       |                 ^~~~~~~~~
[5.322s] gmake[2]: *** [CMakeFiles/stereo_camera_cpp_lib.dir/build.make:76: CMakeFiles/stereo_camera_cpp_lib.dir/src/stereo_camera.cpp.o] Error 1
[5.322s] gmake[1]: *** [CMakeFiles/Makefile2:141: CMakeFiles/stereo_camera_cpp_lib.dir/all] Error 2
[5.323s] gmake: *** [Makefile:146: all] Error 2
[5.327s] Invoked command in '/userdata/stereo_demo/build/stereo_camera_cpp' returned '2': CMAKE_PREFIX_PATH=${CMAKE_PREFIX_PATH}:/userdata/try_again/SelfFollowingROS2/install/following_robot:/userdata/try_again/SelfFollowingROS2/install/dlrobot_robot_python:/userdata/ros2_astra_camera/install/astra_depth_reader:/opt/ros/humble /usr/bin/cmake --build /userdata/stereo_demo/build/stereo_camera_cpp -- -j8 -l8
