[0.152s] DEBUG:colcon:Command line arguments: ['/usr/bin/colcon', 'build']
[0.152s] DEBUG:colcon:Parsed command line arguments: Namespace(log_base=None, log_level=None, verb_name='build', build_base='build', install_base='install', merge_install=False, symlink_install=False, test_result_base=None, continue_on_error=False, executor='parallel', parallel_workers=8, event_handlers=None, ignore_user_meta=False, metas=['./colcon.meta'], base_paths=['.'], packages_ignore=None, packages_ignore_regex=None, paths=None, packages_up_to=None, packages_up_to_regex=None, packages_above=None, packages_above_and_dependencies=None, packages_above_depth=None, packages_select_by_dep=None, packages_skip_by_dep=None, packages_skip_up_to=None, packages_select_build_failed=False, packages_skip_build_finished=False, packages_select_test_failures=False, packages_skip_test_passed=False, packages_select=None, packages_skip=None, packages_select_regex=None, packages_skip_regex=None, packages_start=None, packages_end=None, allow_overriding=[], cmake_args=None, cmake_target=None, cmake_target_skip_unavailable=False, cmake_clean_cache=False, cmake_clean_first=False, cmake_force_configure=False, ament_cmake_args=None, catkin_cmake_args=None, catkin_skip_building_tests=False, verb_parser=<colcon_defaults.argument_parser.defaults.DefaultArgumentsDecorator object at 0x7f91ef6230>, verb_extension=<colcon_core.verb.build.BuildVerb object at 0x7f91ef5cc0>, main=<bound method BuildVerb.main of <colcon_core.verb.build.BuildVerb object at 0x7f91ef5cc0>>)
[0.381s] Level 1:colcon.colcon_core.package_discovery:discover_packages(colcon_meta) check parameters
[0.382s] Level 1:colcon.colcon_core.package_discovery:discover_packages(recursive) check parameters
[0.382s] Level 1:colcon.colcon_core.package_discovery:discover_packages(ignore) check parameters
[0.382s] Level 1:colcon.colcon_core.package_discovery:discover_packages(path) check parameters
[0.382s] Level 1:colcon.colcon_core.package_discovery:discover_packages(colcon_meta) discover
[0.382s] Level 1:colcon.colcon_core.package_discovery:discover_packages(recursive) discover
[0.382s] INFO:colcon.colcon_core.package_discovery:Crawling recursively for packages in '/userdata/stereo_demo'
[0.382s] Level 1:colcon.colcon_core.package_identification:_identify(.) by extensions ['ignore', 'ignore_ament_install']
[0.384s] Level 1:colcon.colcon_core.package_identification:_identify(.) by extension 'ignore'
[0.384s] Level 1:colcon.colcon_core.package_identification:_identify(.) by extension 'ignore_ament_install'
[0.384s] Level 1:colcon.colcon_core.package_identification:_identify(.) by extensions ['colcon_pkg']
[0.384s] Level 1:colcon.colcon_core.package_identification:_identify(.) by extension 'colcon_pkg'
[0.384s] Level 1:colcon.colcon_core.package_identification:_identify(.) by extensions ['colcon_meta']
[0.384s] Level 1:colcon.colcon_core.package_identification:_identify(.) by extension 'colcon_meta'
[0.384s] Level 1:colcon.colcon_core.package_identification:_identify(.) by extensions ['ros']
[0.384s] Level 1:colcon.colcon_core.package_identification:_identify(.) by extension 'ros'
[0.403s] DEBUG:colcon.colcon_core.package_identification:Package '.' with type 'ros.ament_cmake' and name 'stereo_camera_cpp'
[0.403s] Level 1:colcon.colcon_core.package_discovery:discover_packages(recursive) using defaults
[0.404s] Level 1:colcon.colcon_core.package_discovery:discover_packages(ignore) discover
[0.404s] Level 1:colcon.colcon_core.package_discovery:discover_packages(ignore) using defaults
[0.404s] Level 1:colcon.colcon_core.package_discovery:discover_packages(path) discover
[0.404s] Level 1:colcon.colcon_core.package_discovery:discover_packages(path) using defaults
[0.463s] Level 1:colcon.colcon_core.package_discovery:discover_packages(prefix_path) check parameters
[0.463s] Level 1:colcon.colcon_core.package_discovery:discover_packages(prefix_path) discover
[0.466s] DEBUG:colcon.colcon_installed_package_information.package_discovery:Found 3 installed packages in /userdata/ros2_astra_camera/install
[0.467s] DEBUG:colcon.colcon_installed_package_information.package_discovery:Found 1 installed packages in /userdata/STP23_ROS2_SDK/stp23_ros2_ws/install
[0.468s] DEBUG:colcon.colcon_installed_package_information.package_discovery:Found 8 installed packages in /userdata/try_again/SelfFollowingROS2/install
[0.470s] DEBUG:colcon.colcon_installed_package_information.package_discovery:Found 280 installed packages in /opt/ros/humble
[0.472s] Level 1:colcon.colcon_core.package_discovery:discover_packages(prefix_path) using defaults
[0.527s] Level 5:colcon.colcon_core.verb:set package 'stereo_camera_cpp' build argument 'cmake_args' from command line to 'None'
[0.527s] Level 5:colcon.colcon_core.verb:set package 'stereo_camera_cpp' build argument 'cmake_target' from command line to 'None'
[0.527s] Level 5:colcon.colcon_core.verb:set package 'stereo_camera_cpp' build argument 'cmake_target_skip_unavailable' from command line to 'False'
[0.527s] Level 5:colcon.colcon_core.verb:set package 'stereo_camera_cpp' build argument 'cmake_clean_cache' from command line to 'False'
[0.527s] Level 5:colcon.colcon_core.verb:set package 'stereo_camera_cpp' build argument 'cmake_clean_first' from command line to 'False'
[0.527s] Level 5:colcon.colcon_core.verb:set package 'stereo_camera_cpp' build argument 'cmake_force_configure' from command line to 'False'
[0.527s] Level 5:colcon.colcon_core.verb:set package 'stereo_camera_cpp' build argument 'ament_cmake_args' from command line to 'None'
[0.527s] Level 5:colcon.colcon_core.verb:set package 'stereo_camera_cpp' build argument 'catkin_cmake_args' from command line to 'None'
[0.527s] Level 5:colcon.colcon_core.verb:set package 'stereo_camera_cpp' build argument 'catkin_skip_building_tests' from command line to 'False'
[0.527s] DEBUG:colcon.colcon_core.verb:Building package 'stereo_camera_cpp' with the following arguments: {'ament_cmake_args': None, 'build_base': '/userdata/stereo_demo/build/stereo_camera_cpp', 'catkin_cmake_args': None, 'catkin_skip_building_tests': False, 'cmake_args': None, 'cmake_clean_cache': False, 'cmake_clean_first': False, 'cmake_force_configure': False, 'cmake_target': None, 'cmake_target_skip_unavailable': False, 'install_base': '/userdata/stereo_demo/install/stereo_camera_cpp', 'merge_install': False, 'path': '/userdata/stereo_demo', 'symlink_install': False, 'test_result_base': None}
[0.527s] INFO:colcon.colcon_core.executor:Executing jobs using 'parallel' executor
[0.529s] DEBUG:colcon.colcon_parallel_executor.executor.parallel:run_until_complete
[0.530s] INFO:colcon.colcon_ros.task.ament_cmake.build:Building ROS package in '/userdata/stereo_demo' with build type 'ament_cmake'
[0.530s] INFO:colcon.colcon_cmake.task.cmake.build:Building CMake package in '/userdata/stereo_demo'
[0.533s] INFO:colcon.colcon_core.plugin_system:Skipping extension 'colcon_core.shell.bat': Not used on non-Windows systems
[0.533s] INFO:colcon.colcon_core.shell:Skip shell extension 'powershell' for command environment: Not usable outside of PowerShell
[0.533s] DEBUG:colcon.colcon_core.shell:Skip shell extension 'dsv' for command environment
[0.550s] DEBUG:colcon.colcon_core.event_handler.log_command:Invoking command in '/userdata/stereo_demo/build/stereo_camera_cpp': CMAKE_PREFIX_PATH=${CMAKE_PREFIX_PATH}:/userdata/try_again/SelfFollowingROS2/install/following_robot:/userdata/try_again/SelfFollowingROS2/install/dlrobot_robot_python:/userdata/ros2_astra_camera/install/astra_depth_reader:/opt/ros/humble /usr/bin/cmake --build /userdata/stereo_demo/build/stereo_camera_cpp -- -j8 -l8
[17.604s] DEBUG:colcon.colcon_core.event_handler.log_command:Invoked command in '/userdata/stereo_demo/build/stereo_camera_cpp' returned '0': CMAKE_PREFIX_PATH=${CMAKE_PREFIX_PATH}:/userdata/try_again/SelfFollowingROS2/install/following_robot:/userdata/try_again/SelfFollowingROS2/install/dlrobot_robot_python:/userdata/ros2_astra_camera/install/astra_depth_reader:/opt/ros/humble /usr/bin/cmake --build /userdata/stereo_demo/build/stereo_camera_cpp -- -j8 -l8
[17.654s] DEBUG:colcon.colcon_core.event_handler.log_command:Invoking command in '/userdata/stereo_demo/build/stereo_camera_cpp': CMAKE_PREFIX_PATH=${CMAKE_PREFIX_PATH}:/userdata/try_again/SelfFollowingROS2/install/following_robot:/userdata/try_again/SelfFollowingROS2/install/dlrobot_robot_python:/userdata/ros2_astra_camera/install/astra_depth_reader:/opt/ros/humble /usr/bin/cmake --install /userdata/stereo_demo/build/stereo_camera_cpp
[17.695s] Level 1:colcon.colcon_core.environment:create_environment_scripts_only(stereo_camera_cpp)
[17.719s] DEBUG:colcon.colcon_core.event_handler.log_command:Invoked command in '/userdata/stereo_demo/build/stereo_camera_cpp' returned '0': CMAKE_PREFIX_PATH=${CMAKE_PREFIX_PATH}:/userdata/try_again/SelfFollowingROS2/install/following_robot:/userdata/try_again/SelfFollowingROS2/install/dlrobot_robot_python:/userdata/ros2_astra_camera/install/astra_depth_reader:/opt/ros/humble /usr/bin/cmake --install /userdata/stereo_demo/build/stereo_camera_cpp
[17.724s] Level 1:colcon.colcon_core.environment:checking '/userdata/stereo_demo/install/stereo_camera_cpp' for CMake module files
[17.727s] Level 1:colcon.colcon_core.environment:checking '/userdata/stereo_demo/install/stereo_camera_cpp' for CMake config files
[17.728s] Level 1:colcon.colcon_core.shell:create_environment_hook('stereo_camera_cpp', 'cmake_prefix_path')
[17.728s] INFO:colcon.colcon_core.shell:Creating environment hook '/userdata/stereo_demo/install/stereo_camera_cpp/share/stereo_camera_cpp/hook/cmake_prefix_path.ps1'
[17.734s] INFO:colcon.colcon_core.shell:Creating environment descriptor '/userdata/stereo_demo/install/stereo_camera_cpp/share/stereo_camera_cpp/hook/cmake_prefix_path.dsv'
[17.736s] INFO:colcon.colcon_core.shell:Creating environment hook '/userdata/stereo_demo/install/stereo_camera_cpp/share/stereo_camera_cpp/hook/cmake_prefix_path.sh'
[17.743s] Level 1:colcon.colcon_core.environment:checking '/userdata/stereo_demo/install/stereo_camera_cpp/lib'
[17.744s] Level 1:colcon.colcon_core.environment:checking '/userdata/stereo_demo/install/stereo_camera_cpp/bin'
[17.745s] Level 1:colcon.colcon_core.environment:checking '/userdata/stereo_demo/install/stereo_camera_cpp/lib/pkgconfig/stereo_camera_cpp.pc'
[17.747s] Level 1:colcon.colcon_core.environment:checking '/userdata/stereo_demo/install/stereo_camera_cpp/lib/python3.10/site-packages'
[17.748s] Level 1:colcon.colcon_core.environment:checking '/userdata/stereo_demo/install/stereo_camera_cpp/bin'
[17.751s] INFO:colcon.colcon_core.shell:Creating package script '/userdata/stereo_demo/install/stereo_camera_cpp/share/stereo_camera_cpp/package.ps1'
[17.757s] INFO:colcon.colcon_core.shell:Creating package descriptor '/userdata/stereo_demo/install/stereo_camera_cpp/share/stereo_camera_cpp/package.dsv'
[17.760s] INFO:colcon.colcon_core.shell:Creating package script '/userdata/stereo_demo/install/stereo_camera_cpp/share/stereo_camera_cpp/package.sh'
[17.763s] INFO:colcon.colcon_core.shell:Creating package script '/userdata/stereo_demo/install/stereo_camera_cpp/share/stereo_camera_cpp/package.bash'
[17.767s] INFO:colcon.colcon_core.shell:Creating package script '/userdata/stereo_demo/install/stereo_camera_cpp/share/stereo_camera_cpp/package.zsh'
[17.770s] Level 1:colcon.colcon_core.environment:create_file_with_runtime_dependencies(/userdata/stereo_demo/install/stereo_camera_cpp/share/colcon-core/packages/stereo_camera_cpp)
[17.772s] Level 1:colcon.colcon_core.environment:create_environment_scripts_only(stereo_camera_cpp)
[17.772s] Level 1:colcon.colcon_core.environment:checking '/userdata/stereo_demo/install/stereo_camera_cpp' for CMake module files
[17.773s] Level 1:colcon.colcon_core.environment:checking '/userdata/stereo_demo/install/stereo_camera_cpp' for CMake config files
[17.774s] Level 1:colcon.colcon_core.shell:create_environment_hook('stereo_camera_cpp', 'cmake_prefix_path')
[17.774s] INFO:colcon.colcon_core.shell:Creating environment hook '/userdata/stereo_demo/install/stereo_camera_cpp/share/stereo_camera_cpp/hook/cmake_prefix_path.ps1'
[17.775s] INFO:colcon.colcon_core.shell:Creating environment descriptor '/userdata/stereo_demo/install/stereo_camera_cpp/share/stereo_camera_cpp/hook/cmake_prefix_path.dsv'
[17.776s] INFO:colcon.colcon_core.shell:Creating environment hook '/userdata/stereo_demo/install/stereo_camera_cpp/share/stereo_camera_cpp/hook/cmake_prefix_path.sh'
[17.777s] Level 1:colcon.colcon_core.environment:checking '/userdata/stereo_demo/install/stereo_camera_cpp/lib'
[17.777s] Level 1:colcon.colcon_core.environment:checking '/userdata/stereo_demo/install/stereo_camera_cpp/bin'
[17.777s] Level 1:colcon.colcon_core.environment:checking '/userdata/stereo_demo/install/stereo_camera_cpp/lib/pkgconfig/stereo_camera_cpp.pc'
[17.778s] Level 1:colcon.colcon_core.environment:checking '/userdata/stereo_demo/install/stereo_camera_cpp/lib/python3.10/site-packages'
[17.778s] Level 1:colcon.colcon_core.environment:checking '/userdata/stereo_demo/install/stereo_camera_cpp/bin'
[17.779s] INFO:colcon.colcon_core.shell:Creating package script '/userdata/stereo_demo/install/stereo_camera_cpp/share/stereo_camera_cpp/package.ps1'
[17.780s] INFO:colcon.colcon_core.shell:Creating package descriptor '/userdata/stereo_demo/install/stereo_camera_cpp/share/stereo_camera_cpp/package.dsv'
[17.781s] INFO:colcon.colcon_core.shell:Creating package script '/userdata/stereo_demo/install/stereo_camera_cpp/share/stereo_camera_cpp/package.sh'
[17.782s] INFO:colcon.colcon_core.shell:Creating package script '/userdata/stereo_demo/install/stereo_camera_cpp/share/stereo_camera_cpp/package.bash'
[17.783s] INFO:colcon.colcon_core.shell:Creating package script '/userdata/stereo_demo/install/stereo_camera_cpp/share/stereo_camera_cpp/package.zsh'
[17.784s] Level 1:colcon.colcon_core.environment:create_file_with_runtime_dependencies(/userdata/stereo_demo/install/stereo_camera_cpp/share/colcon-core/packages/stereo_camera_cpp)
[17.784s] DEBUG:colcon.colcon_parallel_executor.executor.parallel:closing loop
[17.785s] DEBUG:colcon.colcon_parallel_executor.executor.parallel:loop closed
[17.785s] DEBUG:colcon.colcon_parallel_executor.executor.parallel:run_until_complete finished with '0'
[17.785s] DEBUG:colcon.colcon_core.event_reactor:joining thread
[17.813s] INFO:colcon.colcon_core.plugin_system:Skipping extension 'colcon_notification.desktop_notification.terminal_notifier': Not used on non-Darwin systems
[17.813s] INFO:colcon.colcon_core.plugin_system:Skipping extension 'colcon_notification.desktop_notification.win32': Not used on non-Windows systems
[17.814s] INFO:colcon.colcon_notification.desktop_notification:Sending desktop notification using 'notify2'
[17.852s] DEBUG:colcon.colcon_core.event_reactor:joined thread
[17.853s] INFO:colcon.colcon_core.shell:Creating prefix script '/userdata/stereo_demo/install/local_setup.ps1'
[17.856s] INFO:colcon.colcon_core.shell:Creating prefix util module '/userdata/stereo_demo/install/_local_setup_util_ps1.py'
[17.860s] INFO:colcon.colcon_core.shell:Creating prefix chain script '/userdata/stereo_demo/install/setup.ps1'
[17.863s] INFO:colcon.colcon_core.shell:Creating prefix script '/userdata/stereo_demo/install/local_setup.sh'
[17.865s] INFO:colcon.colcon_core.shell:Creating prefix util module '/userdata/stereo_demo/install/_local_setup_util_sh.py'
[17.867s] INFO:colcon.colcon_core.shell:Creating prefix chain script '/userdata/stereo_demo/install/setup.sh'
[17.871s] INFO:colcon.colcon_core.shell:Creating prefix script '/userdata/stereo_demo/install/local_setup.bash'
[17.873s] INFO:colcon.colcon_core.shell:Creating prefix chain script '/userdata/stereo_demo/install/setup.bash'
[17.879s] INFO:colcon.colcon_core.shell:Creating prefix script '/userdata/stereo_demo/install/local_setup.zsh'
[17.881s] INFO:colcon.colcon_core.shell:Creating prefix chain script '/userdata/stereo_demo/install/setup.zsh'
