[0.163s] DEBUG:colcon:Command line arguments: ['/usr/bin/colcon', 'build']
[0.163s] DEBUG:colcon:Parsed command line arguments: Namespace(log_base=None, log_level=None, verb_name='build', build_base='build', install_base='install', merge_install=False, symlink_install=False, test_result_base=None, continue_on_error=False, executor='parallel', parallel_workers=8, event_handlers=None, ignore_user_meta=False, metas=['./colcon.meta'], base_paths=['.'], packages_ignore=None, packages_ignore_regex=None, paths=None, packages_up_to=None, packages_up_to_regex=None, packages_above=None, packages_above_and_dependencies=None, packages_above_depth=None, packages_select_by_dep=None, packages_skip_by_dep=None, packages_skip_up_to=None, packages_select_build_failed=False, packages_skip_build_finished=False, packages_select_test_failures=False, packages_skip_test_passed=False, packages_select=None, packages_skip=None, packages_select_regex=None, packages_skip_regex=None, packages_start=None, packages_end=None, allow_overriding=[], cmake_args=None, cmake_target=None, cmake_target_skip_unavailable=False, cmake_clean_cache=False, cmake_clean_first=False, cmake_force_configure=False, ament_cmake_args=None, catkin_cmake_args=None, catkin_skip_building_tests=False, verb_parser=<colcon_defaults.argument_parser.defaults.DefaultArgumentsDecorator object at 0x7f7f756230>, verb_extension=<colcon_core.verb.build.BuildVerb object at 0x7f7f755cc0>, main=<bound method BuildVerb.main of <colcon_core.verb.build.BuildVerb object at 0x7f7f755cc0>>)
[0.422s] Level 1:colcon.colcon_core.package_discovery:discover_packages(colcon_meta) check parameters
[0.422s] Level 1:colcon.colcon_core.package_discovery:discover_packages(recursive) check parameters
[0.422s] Level 1:colcon.colcon_core.package_discovery:discover_packages(ignore) check parameters
[0.422s] Level 1:colcon.colcon_core.package_discovery:discover_packages(path) check parameters
[0.422s] Level 1:colcon.colcon_core.package_discovery:discover_packages(colcon_meta) discover
[0.422s] Level 1:colcon.colcon_core.package_discovery:discover_packages(recursive) discover
[0.422s] INFO:colcon.colcon_core.package_discovery:Crawling recursively for packages in '/userdata/stereo_demo'
[0.422s] Level 1:colcon.colcon_core.package_identification:_identify(.) by extensions ['ignore', 'ignore_ament_install']
[0.423s] Level 1:colcon.colcon_core.package_identification:_identify(.) by extension 'ignore'
[0.424s] Level 1:colcon.colcon_core.package_identification:_identify(.) by extension 'ignore_ament_install'
[0.424s] Level 1:colcon.colcon_core.package_identification:_identify(.) by extensions ['colcon_pkg']
[0.424s] Level 1:colcon.colcon_core.package_identification:_identify(.) by extension 'colcon_pkg'
[0.424s] Level 1:colcon.colcon_core.package_identification:_identify(.) by extensions ['colcon_meta']
[0.424s] Level 1:colcon.colcon_core.package_identification:_identify(.) by extension 'colcon_meta'
[0.424s] Level 1:colcon.colcon_core.package_identification:_identify(.) by extensions ['ros']
[0.424s] Level 1:colcon.colcon_core.package_identification:_identify(.) by extension 'ros'
[0.442s] DEBUG:colcon.colcon_core.package_identification:Package '.' with type 'ros.ament_cmake' and name 'stereo_camera_cpp'
[0.442s] Level 1:colcon.colcon_core.package_discovery:discover_packages(recursive) using defaults
[0.442s] Level 1:colcon.colcon_core.package_discovery:discover_packages(ignore) discover
[0.442s] Level 1:colcon.colcon_core.package_discovery:discover_packages(ignore) using defaults
[0.442s] Level 1:colcon.colcon_core.package_discovery:discover_packages(path) discover
[0.442s] Level 1:colcon.colcon_core.package_discovery:discover_packages(path) using defaults
[0.490s] Level 1:colcon.colcon_core.package_discovery:discover_packages(prefix_path) check parameters
[0.490s] Level 1:colcon.colcon_core.package_discovery:discover_packages(prefix_path) discover
[0.492s] DEBUG:colcon.colcon_installed_package_information.package_discovery:Found 3 installed packages in /userdata/ros2_astra_camera/install
[0.493s] DEBUG:colcon.colcon_installed_package_information.package_discovery:Found 1 installed packages in /userdata/STP23_ROS2_SDK/stp23_ros2_ws/install
[0.493s] DEBUG:colcon.colcon_installed_package_information.package_discovery:Found 8 installed packages in /userdata/try_again/SelfFollowingROS2/install
[0.495s] DEBUG:colcon.colcon_installed_package_information.package_discovery:Found 280 installed packages in /opt/ros/humble
[0.497s] Level 1:colcon.colcon_core.package_discovery:discover_packages(prefix_path) using defaults
[0.551s] Level 5:colcon.colcon_core.verb:set package 'stereo_camera_cpp' build argument 'cmake_args' from command line to 'None'
[0.551s] Level 5:colcon.colcon_core.verb:set package 'stereo_camera_cpp' build argument 'cmake_target' from command line to 'None'
[0.551s] Level 5:colcon.colcon_core.verb:set package 'stereo_camera_cpp' build argument 'cmake_target_skip_unavailable' from command line to 'False'
[0.551s] Level 5:colcon.colcon_core.verb:set package 'stereo_camera_cpp' build argument 'cmake_clean_cache' from command line to 'False'
[0.551s] Level 5:colcon.colcon_core.verb:set package 'stereo_camera_cpp' build argument 'cmake_clean_first' from command line to 'False'
[0.551s] Level 5:colcon.colcon_core.verb:set package 'stereo_camera_cpp' build argument 'cmake_force_configure' from command line to 'False'
[0.551s] Level 5:colcon.colcon_core.verb:set package 'stereo_camera_cpp' build argument 'ament_cmake_args' from command line to 'None'
[0.551s] Level 5:colcon.colcon_core.verb:set package 'stereo_camera_cpp' build argument 'catkin_cmake_args' from command line to 'None'
[0.551s] Level 5:colcon.colcon_core.verb:set package 'stereo_camera_cpp' build argument 'catkin_skip_building_tests' from command line to 'False'
[0.551s] DEBUG:colcon.colcon_core.verb:Building package 'stereo_camera_cpp' with the following arguments: {'ament_cmake_args': None, 'build_base': '/userdata/stereo_demo/build/stereo_camera_cpp', 'catkin_cmake_args': None, 'catkin_skip_building_tests': False, 'cmake_args': None, 'cmake_clean_cache': False, 'cmake_clean_first': False, 'cmake_force_configure': False, 'cmake_target': None, 'cmake_target_skip_unavailable': False, 'install_base': '/userdata/stereo_demo/install/stereo_camera_cpp', 'merge_install': False, 'path': '/userdata/stereo_demo', 'symlink_install': False, 'test_result_base': None}
[0.552s] INFO:colcon.colcon_core.executor:Executing jobs using 'parallel' executor
[0.555s] DEBUG:colcon.colcon_parallel_executor.executor.parallel:run_until_complete
[0.555s] INFO:colcon.colcon_ros.task.ament_cmake.build:Building ROS package in '/userdata/stereo_demo' with build type 'ament_cmake'
[0.556s] INFO:colcon.colcon_cmake.task.cmake.build:Building CMake package in '/userdata/stereo_demo'
[0.558s] INFO:colcon.colcon_core.plugin_system:Skipping extension 'colcon_core.shell.bat': Not used on non-Windows systems
[0.559s] INFO:colcon.colcon_core.shell:Skip shell extension 'powershell' for command environment: Not usable outside of PowerShell
[0.559s] DEBUG:colcon.colcon_core.shell:Skip shell extension 'dsv' for command environment
[0.582s] DEBUG:colcon.colcon_core.event_handler.log_command:Invoking command in '/userdata/stereo_demo/build/stereo_camera_cpp': CMAKE_PREFIX_PATH=${CMAKE_PREFIX_PATH}:/userdata/try_again/SelfFollowingROS2/install/following_robot:/userdata/try_again/SelfFollowingROS2/install/dlrobot_robot_python:/userdata/ros2_astra_camera/install/astra_depth_reader:/opt/ros/humble /usr/bin/cmake --build /userdata/stereo_demo/build/stereo_camera_cpp -- -j8 -l8
[17.364s] DEBUG:colcon.colcon_core.event_handler.log_command:Invoked command in '/userdata/stereo_demo/build/stereo_camera_cpp' returned '0': CMAKE_PREFIX_PATH=${CMAKE_PREFIX_PATH}:/userdata/try_again/SelfFollowingROS2/install/following_robot:/userdata/try_again/SelfFollowingROS2/install/dlrobot_robot_python:/userdata/ros2_astra_camera/install/astra_depth_reader:/opt/ros/humble /usr/bin/cmake --build /userdata/stereo_demo/build/stereo_camera_cpp -- -j8 -l8
[17.411s] DEBUG:colcon.colcon_core.event_handler.log_command:Invoking command in '/userdata/stereo_demo/build/stereo_camera_cpp': CMAKE_PREFIX_PATH=${CMAKE_PREFIX_PATH}:/userdata/try_again/SelfFollowingROS2/install/following_robot:/userdata/try_again/SelfFollowingROS2/install/dlrobot_robot_python:/userdata/ros2_astra_camera/install/astra_depth_reader:/opt/ros/humble /usr/bin/cmake --install /userdata/stereo_demo/build/stereo_camera_cpp
[17.436s] Level 1:colcon.colcon_core.environment:create_environment_scripts_only(stereo_camera_cpp)
[17.452s] DEBUG:colcon.colcon_core.event_handler.log_command:Invoked command in '/userdata/stereo_demo/build/stereo_camera_cpp' returned '0': CMAKE_PREFIX_PATH=${CMAKE_PREFIX_PATH}:/userdata/try_again/SelfFollowingROS2/install/following_robot:/userdata/try_again/SelfFollowingROS2/install/dlrobot_robot_python:/userdata/ros2_astra_camera/install/astra_depth_reader:/opt/ros/humble /usr/bin/cmake --install /userdata/stereo_demo/build/stereo_camera_cpp
[17.461s] Level 1:colcon.colcon_core.environment:checking '/userdata/stereo_demo/install/stereo_camera_cpp' for CMake module files
[17.465s] Level 1:colcon.colcon_core.environment:checking '/userdata/stereo_demo/install/stereo_camera_cpp' for CMake config files
[17.467s] Level 1:colcon.colcon_core.shell:create_environment_hook('stereo_camera_cpp', 'cmake_prefix_path')
[17.469s] INFO:colcon.colcon_core.shell:Creating environment hook '/userdata/stereo_demo/install/stereo_camera_cpp/share/stereo_camera_cpp/hook/cmake_prefix_path.ps1'
[17.473s] INFO:colcon.colcon_core.shell:Creating environment descriptor '/userdata/stereo_demo/install/stereo_camera_cpp/share/stereo_camera_cpp/hook/cmake_prefix_path.dsv'
[17.475s] INFO:colcon.colcon_core.shell:Creating environment hook '/userdata/stereo_demo/install/stereo_camera_cpp/share/stereo_camera_cpp/hook/cmake_prefix_path.sh'
[17.481s] Level 1:colcon.colcon_core.environment:checking '/userdata/stereo_demo/install/stereo_camera_cpp/lib'
[17.482s] Level 1:colcon.colcon_core.environment:checking '/userdata/stereo_demo/install/stereo_camera_cpp/bin'
[17.482s] Level 1:colcon.colcon_core.environment:checking '/userdata/stereo_demo/install/stereo_camera_cpp/lib/pkgconfig/stereo_camera_cpp.pc'
[17.483s] Level 1:colcon.colcon_core.environment:checking '/userdata/stereo_demo/install/stereo_camera_cpp/lib/python3.10/site-packages'
[17.484s] Level 1:colcon.colcon_core.environment:checking '/userdata/stereo_demo/install/stereo_camera_cpp/bin'
[17.486s] INFO:colcon.colcon_core.shell:Creating package script '/userdata/stereo_demo/install/stereo_camera_cpp/share/stereo_camera_cpp/package.ps1'
[17.491s] INFO:colcon.colcon_core.shell:Creating package descriptor '/userdata/stereo_demo/install/stereo_camera_cpp/share/stereo_camera_cpp/package.dsv'
[17.495s] INFO:colcon.colcon_core.shell:Creating package script '/userdata/stereo_demo/install/stereo_camera_cpp/share/stereo_camera_cpp/package.sh'
[17.500s] INFO:colcon.colcon_core.shell:Creating package script '/userdata/stereo_demo/install/stereo_camera_cpp/share/stereo_camera_cpp/package.bash'
[17.503s] INFO:colcon.colcon_core.shell:Creating package script '/userdata/stereo_demo/install/stereo_camera_cpp/share/stereo_camera_cpp/package.zsh'
[17.505s] Level 1:colcon.colcon_core.environment:create_file_with_runtime_dependencies(/userdata/stereo_demo/install/stereo_camera_cpp/share/colcon-core/packages/stereo_camera_cpp)
[17.506s] Level 1:colcon.colcon_core.environment:create_environment_scripts_only(stereo_camera_cpp)
[17.507s] Level 1:colcon.colcon_core.environment:checking '/userdata/stereo_demo/install/stereo_camera_cpp' for CMake module files
[17.508s] Level 1:colcon.colcon_core.environment:checking '/userdata/stereo_demo/install/stereo_camera_cpp' for CMake config files
[17.509s] Level 1:colcon.colcon_core.shell:create_environment_hook('stereo_camera_cpp', 'cmake_prefix_path')
[17.509s] INFO:colcon.colcon_core.shell:Creating environment hook '/userdata/stereo_demo/install/stereo_camera_cpp/share/stereo_camera_cpp/hook/cmake_prefix_path.ps1'
[17.510s] INFO:colcon.colcon_core.shell:Creating environment descriptor '/userdata/stereo_demo/install/stereo_camera_cpp/share/stereo_camera_cpp/hook/cmake_prefix_path.dsv'
[17.511s] INFO:colcon.colcon_core.shell:Creating environment hook '/userdata/stereo_demo/install/stereo_camera_cpp/share/stereo_camera_cpp/hook/cmake_prefix_path.sh'
[17.513s] Level 1:colcon.colcon_core.environment:checking '/userdata/stereo_demo/install/stereo_camera_cpp/lib'
[17.513s] Level 1:colcon.colcon_core.environment:checking '/userdata/stereo_demo/install/stereo_camera_cpp/bin'
[17.513s] Level 1:colcon.colcon_core.environment:checking '/userdata/stereo_demo/install/stereo_camera_cpp/lib/pkgconfig/stereo_camera_cpp.pc'
[17.514s] Level 1:colcon.colcon_core.environment:checking '/userdata/stereo_demo/install/stereo_camera_cpp/lib/python3.10/site-packages'
[17.515s] Level 1:colcon.colcon_core.environment:checking '/userdata/stereo_demo/install/stereo_camera_cpp/bin'
[17.515s] INFO:colcon.colcon_core.shell:Creating package script '/userdata/stereo_demo/install/stereo_camera_cpp/share/stereo_camera_cpp/package.ps1'
[17.517s] INFO:colcon.colcon_core.shell:Creating package descriptor '/userdata/stereo_demo/install/stereo_camera_cpp/share/stereo_camera_cpp/package.dsv'
[17.518s] INFO:colcon.colcon_core.shell:Creating package script '/userdata/stereo_demo/install/stereo_camera_cpp/share/stereo_camera_cpp/package.sh'
[17.519s] INFO:colcon.colcon_core.shell:Creating package script '/userdata/stereo_demo/install/stereo_camera_cpp/share/stereo_camera_cpp/package.bash'
[17.520s] INFO:colcon.colcon_core.shell:Creating package script '/userdata/stereo_demo/install/stereo_camera_cpp/share/stereo_camera_cpp/package.zsh'
[17.520s] Level 1:colcon.colcon_core.environment:create_file_with_runtime_dependencies(/userdata/stereo_demo/install/stereo_camera_cpp/share/colcon-core/packages/stereo_camera_cpp)
[17.521s] DEBUG:colcon.colcon_parallel_executor.executor.parallel:closing loop
[17.521s] DEBUG:colcon.colcon_parallel_executor.executor.parallel:loop closed
[17.521s] DEBUG:colcon.colcon_parallel_executor.executor.parallel:run_until_complete finished with '0'
[17.521s] DEBUG:colcon.colcon_core.event_reactor:joining thread
[17.553s] INFO:colcon.colcon_core.plugin_system:Skipping extension 'colcon_notification.desktop_notification.terminal_notifier': Not used on non-Darwin systems
[17.553s] INFO:colcon.colcon_core.plugin_system:Skipping extension 'colcon_notification.desktop_notification.win32': Not used on non-Windows systems
[17.554s] INFO:colcon.colcon_notification.desktop_notification:Sending desktop notification using 'notify2'
[17.582s] DEBUG:colcon.colcon_core.event_reactor:joined thread
[17.583s] INFO:colcon.colcon_core.shell:Creating prefix script '/userdata/stereo_demo/install/local_setup.ps1'
[17.585s] INFO:colcon.colcon_core.shell:Creating prefix util module '/userdata/stereo_demo/install/_local_setup_util_ps1.py'
[17.588s] INFO:colcon.colcon_core.shell:Creating prefix chain script '/userdata/stereo_demo/install/setup.ps1'
[17.591s] INFO:colcon.colcon_core.shell:Creating prefix script '/userdata/stereo_demo/install/local_setup.sh'
[17.593s] INFO:colcon.colcon_core.shell:Creating prefix util module '/userdata/stereo_demo/install/_local_setup_util_sh.py'
[17.594s] INFO:colcon.colcon_core.shell:Creating prefix chain script '/userdata/stereo_demo/install/setup.sh'
[17.598s] INFO:colcon.colcon_core.shell:Creating prefix script '/userdata/stereo_demo/install/local_setup.bash'
[17.599s] INFO:colcon.colcon_core.shell:Creating prefix chain script '/userdata/stereo_demo/install/setup.bash'
[17.602s] INFO:colcon.colcon_core.shell:Creating prefix script '/userdata/stereo_demo/install/local_setup.zsh'
[17.603s] INFO:colcon.colcon_core.shell:Creating prefix chain script '/userdata/stereo_demo/install/setup.zsh'
