[0.022s] Invoking command in '/userdata/stereo_demo/build/stereo_camera_cpp': CMAKE_PREFIX_PATH=${CMAKE_PREFIX_PATH}:/userdata/try_again/SelfFollowingROS2/install/following_robot:/userdata/try_again/SelfFollowingROS2/install/dlrobot_robot_python:/userdata/ros2_astra_camera/install/astra_depth_reader:/opt/ros/humble /usr/bin/cmake /userdata/stereo_demo -DCMAKE_INSTALL_PREFIX=/userdata/stereo_demo/install/stereo_camera_cpp
[0.372s] -- The C compiler identification is GNU 11.4.0
[0.733s] -- The CXX compiler identification is GNU 11.4.0
[0.789s] -- Detecting C compiler ABI info
[1.084s] -- Detecting C compiler ABI info - done
[1.127s] -- Check for working C compiler: /usr/bin/cc - skipped
[1.131s] -- Detecting C compile features
[1.133s] -- Detecting C compile features - done
[1.150s] -- Detecting CXX compiler ABI info
[1.404s] -- Detecting CXX compiler ABI info - done
[1.449s] -- Check for working CXX compiler: /usr/bin/c++ - skipped
[1.450s] -- Detecting CXX compile features
[1.452s] -- Detecting CXX compile features - done
[1.470s] -- Found ament_cmake: 1.3.11 (/opt/ros/humble/share/ament_cmake/cmake)
[2.016s] -- Found Python3: /usr/bin/python3 (found version "3.10.12") found components: Interpreter 
[2.390s] -- Found rclcpp: 16.0.12 (/opt/ros/humble/share/rclcpp/cmake)
[2.518s] -- Found rosidl_generator_c: 3.1.6 (/opt/ros/humble/share/rosidl_generator_c/cmake)
[2.527s] -- Found rosidl_adapter: 3.1.6 (/opt/ros/humble/share/rosidl_adapter/cmake)
[2.546s] -- Found rosidl_generator_cpp: 3.1.6 (/opt/ros/humble/share/rosidl_generator_cpp/cmake)
[2.576s] -- Using all available rosidl_typesupport_c: rosidl_typesupport_fastrtps_c;rosidl_typesupport_introspection_c
[2.634s] -- Using all available rosidl_typesupport_cpp: rosidl_typesupport_fastrtps_cpp;rosidl_typesupport_introspection_cpp
[2.786s] -- Found rmw_implementation_cmake: 6.1.2 (/opt/ros/humble/share/rmw_implementation_cmake/cmake)
[2.801s] -- Found rmw_fastrtps_cpp: 6.2.7 (/opt/ros/humble/share/rmw_fastrtps_cpp/cmake)
[3.119s] -- Found OpenSSL: /usr/lib/aarch64-linux-gnu/libcrypto.so (found version "3.0.2")  
[3.215s] -- Found FastRTPS: /opt/ros/humble/include  
[3.312s] -- Using RMW implementation 'rmw_fastrtps_cpp' as default
[3.361s] -- Looking for pthread.h
[3.631s] -- Looking for pthread.h - found
[3.631s] -- Performing Test CMAKE_HAVE_LIBC_PTHREAD
[3.909s] -- Performing Test CMAKE_HAVE_LIBC_PTHREAD - Success
[3.913s] -- Found Threads: TRUE  
[4.115s] -- Found sensor_msgs: 4.8.0 (/opt/ros/humble/share/sensor_msgs/cmake)
[4.185s] -- Found cv_bridge: 3.2.1 (/opt/ros/humble/share/cv_bridge/cmake)
[4.209s] -- Found image_transport: 3.1.12 (/opt/ros/humble/share/image_transport/cmake)
[4.266s] -- Found tf2: 0.25.13 (/opt/ros/humble/share/tf2/cmake)
[4.276s] -- Found tf2_ros: 0.25.13 (/opt/ros/humble/share/tf2_ros/cmake)
[4.440s] -- Found OpenCV: /usr (found suitable version "4.5.4", minimum required is "4") 
[4.440s] -- Found OpenCV version: 4.5.4
[4.456s] -- Found ament_lint_auto: 0.12.12 (/opt/ros/humble/share/ament_lint_auto/cmake)
[4.460s] -- Found ament_cmake_gtest: 1.3.11 (/opt/ros/humble/share/ament_cmake_gtest/cmake)
[4.723s] -- Found gtest sources under '/opt/ros/humble/src/gtest_vendor': C++ tests using 'Google Test' will be built
[4.749s] -- Added test 'copyright' to check source files copyright and LICENSE
[4.757s] -- Added test 'cppcheck' to perform static code analysis on C / C++ code
[4.757s] -- Configured cppcheck include dirs: /userdata/stereo_demo/include
[4.758s] -- Configured cppcheck exclude dirs and/or files: 
[4.765s] -- Added test 'cpplint' to check C / C++ code against the Google style
[4.765s] -- Configured cpplint exclude dirs and/or files: 
[4.767s] -- Added test 'flake8' to check Python code syntax and style conventions
[4.770s] -- Added test 'lint_cmake' to check CMake code style
[4.772s] -- Added test 'pep257' to check Python code against some of the docstring style conventions in PEP 257
[4.780s] -- Added test 'uncrustify' to check C / C++ code style
[4.780s] -- Configured uncrustify additional arguments: 
[4.783s] -- Added test 'xmllint' to check XML markup files
[4.793s] -- Configuring done
[4.806s] [31mCMake Error at /opt/ros/humble/share/ament_cmake_gtest/cmake/ament_add_gtest_executable.cmake:50 (add_executable):
[4.806s]   Cannot find source file:
[4.807s] 
[4.807s]     test/test_stereo_camera.cpp
[4.807s] 
[4.808s]   Tried extensions .c .C .c++ .cc .cpp .cxx .cu .mpp .m .M .mm .ixx .cppm .h
[4.808s]   .hh .h++ .hm .hpp .hxx .in .txx .f .F .for .f77 .f90 .f95 .f03 .hip .ispc
[4.808s] Call Stack (most recent call first):
[4.809s]   /opt/ros/humble/share/ament_cmake_gtest/cmake/ament_add_gtest_executable.cmake:37 (_ament_add_gtest_executable)
[4.809s]   /opt/ros/humble/share/ament_cmake_gtest/cmake/ament_add_gtest.cmake:68 (ament_add_gtest_executable)
[4.809s]   CMakeLists.txt:129 (ament_add_gtest)
[4.810s] 
[4.810s] [0m
[4.810s] [31mCMake Error at /opt/ros/humble/share/ament_cmake_gtest/cmake/ament_add_gtest_executable.cmake:50 (add_executable):
[4.811s]   No SOURCES given to target: stereo_camera_cpp_test
[4.811s] Call Stack (most recent call first):
[4.811s]   /opt/ros/humble/share/ament_cmake_gtest/cmake/ament_add_gtest_executable.cmake:37 (_ament_add_gtest_executable)
[4.812s]   /opt/ros/humble/share/ament_cmake_gtest/cmake/ament_add_gtest.cmake:68 (ament_add_gtest_executable)
[4.812s]   CMakeLists.txt:129 (ament_add_gtest)
[4.812s] 
[4.813s] [0m
[4.813s] [0mCMake Generate step failed.  Build files cannot be regenerated correctly.[0m
[4.846s] Invoked command in '/userdata/stereo_demo/build/stereo_camera_cpp' returned '1': CMAKE_PREFIX_PATH=${CMAKE_PREFIX_PATH}:/userdata/try_again/SelfFollowingROS2/install/following_robot:/userdata/try_again/SelfFollowingROS2/install/dlrobot_robot_python:/userdata/ros2_astra_camera/install/astra_depth_reader:/opt/ros/humble /usr/bin/cmake /userdata/stereo_demo -DCMAKE_INSTALL_PREFIX=/userdata/stereo_demo/install/stereo_camera_cpp
