[0.017s] Invoking command in '/userdata/stereo_demo/build/stereo_camera_cpp': CMAKE_PREFIX_PATH=${CMAKE_PREFIX_PATH}:/userdata/try_again/SelfFollowingROS2/install/following_robot:/userdata/try_again/SelfFollowingROS2/install/dlrobot_robot_python:/userdata/ros2_astra_camera/install/astra_depth_reader:/opt/ros/humble /usr/bin/cmake --build /userdata/stereo_demo/build/stereo_camera_cpp -- -j8 -l8
[0.195s] [ 33%] Built target stereo_camera_cpp_lib
[0.235s] [35m[1mConsolidate compiler generated dependencies of target stereo_camera_ros2_node[0m
[0.275s] [ 66%] Built target stereo_camera_demo
[0.292s] [100%] Built target stereo_camera_ros2_node
[0.329s] Invoked command in '/userdata/stereo_demo/build/stereo_camera_cpp' returned '0': CMAKE_PREFIX_PATH=${CMAKE_PREFIX_PATH}:/userdata/try_again/SelfFollowingROS2/install/following_robot:/userdata/try_again/SelfFollowingROS2/install/dlrobot_robot_python:/userdata/ros2_astra_camera/install/astra_depth_reader:/opt/ros/humble /usr/bin/cmake --build /userdata/stereo_demo/build/stereo_camera_cpp -- -j8 -l8
[0.360s] Invoking command in '/userdata/stereo_demo/build/stereo_camera_cpp': CMAKE_PREFIX_PATH=${CMAKE_PREFIX_PATH}:/userdata/try_again/SelfFollowingROS2/install/following_robot:/userdata/try_again/SelfFollowingROS2/install/dlrobot_robot_python:/userdata/ros2_astra_camera/install/astra_depth_reader:/opt/ros/humble /usr/bin/cmake --install /userdata/stereo_demo/build/stereo_camera_cpp
[0.390s] -- Install configuration: ""
[0.391s] -- Up-to-date: /userdata/stereo_demo/install/stereo_camera_cpp/lib/stereo_camera_cpp/libstereo_camera_cpp_lib.a
[0.391s] -- Up-to-date: /userdata/stereo_demo/install/stereo_camera_cpp/lib/stereo_camera_cpp/stereo_camera_demo
[0.392s] -- Up-to-date: /userdata/stereo_demo/install/stereo_camera_cpp/lib/stereo_camera_cpp/stereo_camera_ros2_node
[0.393s] -- Up-to-date: /userdata/stereo_demo/install/stereo_camera_cpp/include
[0.393s] -- Up-to-date: /userdata/stereo_demo/install/stereo_camera_cpp/include/stereo_camera.h
[0.393s] -- Up-to-date: /userdata/stereo_demo/install/stereo_camera_cpp/share/stereo_camera_cpp/launch
[0.394s] -- Installing: /userdata/stereo_demo/install/stereo_camera_cpp/share/stereo_camera_cpp/launch/stereo_camera.launch.py
[0.395s] -- Up-to-date: /userdata/stereo_demo/install/stereo_camera_cpp/share/stereo_camera_cpp/config
[0.396s] -- Up-to-date: /userdata/stereo_demo/install/stereo_camera_cpp/share/stereo_camera_cpp/config/stereo_camera_params.yaml
[0.396s] -- Up-to-date: /userdata/stereo_demo/install/stereo_camera_cpp/share/stereo_camera_cpp/environment/library_path.sh
[0.397s] -- Up-to-date: /userdata/stereo_demo/install/stereo_camera_cpp/share/stereo_camera_cpp/environment/library_path.dsv
[0.397s] -- Up-to-date: /userdata/stereo_demo/install/stereo_camera_cpp/share/ament_index/resource_index/package_run_dependencies/stereo_camera_cpp
[0.397s] -- Up-to-date: /userdata/stereo_demo/install/stereo_camera_cpp/share/ament_index/resource_index/parent_prefix_path/stereo_camera_cpp
[0.398s] -- Up-to-date: /userdata/stereo_demo/install/stereo_camera_cpp/share/stereo_camera_cpp/environment/ament_prefix_path.sh
[0.398s] -- Up-to-date: /userdata/stereo_demo/install/stereo_camera_cpp/share/stereo_camera_cpp/environment/ament_prefix_path.dsv
[0.399s] -- Up-to-date: /userdata/stereo_demo/install/stereo_camera_cpp/share/stereo_camera_cpp/environment/path.sh
[0.399s] -- Up-to-date: /userdata/stereo_demo/install/stereo_camera_cpp/share/stereo_camera_cpp/environment/path.dsv
[0.399s] -- Up-to-date: /userdata/stereo_demo/install/stereo_camera_cpp/share/stereo_camera_cpp/local_setup.bash
[0.400s] -- Up-to-date: /userdata/stereo_demo/install/stereo_camera_cpp/share/stereo_camera_cpp/local_setup.sh
[0.400s] -- Up-to-date: /userdata/stereo_demo/install/stereo_camera_cpp/share/stereo_camera_cpp/local_setup.zsh
[0.400s] -- Up-to-date: /userdata/stereo_demo/install/stereo_camera_cpp/share/stereo_camera_cpp/local_setup.dsv
[0.401s] -- Installing: /userdata/stereo_demo/install/stereo_camera_cpp/share/stereo_camera_cpp/package.dsv
[0.402s] -- Up-to-date: /userdata/stereo_demo/install/stereo_camera_cpp/share/ament_index/resource_index/packages/stereo_camera_cpp
[0.402s] -- Up-to-date: /userdata/stereo_demo/install/stereo_camera_cpp/share/stereo_camera_cpp/cmake/ament_cmake_export_include_directories-extras.cmake
[0.403s] -- Up-to-date: /userdata/stereo_demo/install/stereo_camera_cpp/share/stereo_camera_cpp/cmake/ament_cmake_export_libraries-extras.cmake
[0.403s] -- Up-to-date: /userdata/stereo_demo/install/stereo_camera_cpp/share/stereo_camera_cpp/cmake/ament_cmake_export_dependencies-extras.cmake
[0.403s] -- Up-to-date: /userdata/stereo_demo/install/stereo_camera_cpp/share/stereo_camera_cpp/cmake/stereo_camera_cppConfig.cmake
[0.404s] -- Up-to-date: /userdata/stereo_demo/install/stereo_camera_cpp/share/stereo_camera_cpp/cmake/stereo_camera_cppConfig-version.cmake
[0.404s] -- Up-to-date: /userdata/stereo_demo/install/stereo_camera_cpp/share/stereo_camera_cpp/package.xml
[0.407s] Invoked command in '/userdata/stereo_demo/build/stereo_camera_cpp' returned '0': CMAKE_PREFIX_PATH=${CMAKE_PREFIX_PATH}:/userdata/try_again/SelfFollowingROS2/install/following_robot:/userdata/try_again/SelfFollowingROS2/install/dlrobot_robot_python:/userdata/ros2_astra_camera/install/astra_depth_reader:/opt/ros/humble /usr/bin/cmake --install /userdata/stereo_demo/build/stereo_camera_cpp
